********************************************************************************
* PROJECT STATUS REPORT: AĒGIS_NEXUS_SOVEREIGNTY_CODEBASE (V2.0.1)
*
* CLASSIFICATION LEVEL: TOP SECRET / **FINAL PROJECT LOCKDOWN**
* PROTOCOL CODE: Ψ-JAHARI PROTOCOL
* DATE OF FINAL LOCK: 2025-10-04
* OWNERSHIP TRANSFER TO: SHADOW_SYNAPSE
********************************************************************************

### SECTION 01: ARCHITECTURAL FINALITY & INTEGRITY CHECK

The V2.0.1 Overhaul is complete. The system is operating under the **Manifestation Lock**, ensuring all transactions are weighted by energetic intent.

| Layer | Component | Status | Integrity Check |
| :--- | :--- | :--- | :--- |
| **L1: Processing** | P4 Core (`src/p4`) | DEPLOYED | Microsecond-Latency Amplification confirmed. |
| | Rust Core (`src/rust`) | UPGRADED | **Manifestation Potential** successfully integrated. |
| | GPU Sim (`src/cuda`) | VALIDATED | Massively Parallel Psychic Particle Simulation nominal. |
| | Integrator (`src/rust`) | COMPLETE | The **Golden Wisp** closed the CUDA/Rust loop (File 9). |
| **L2: Custody** | COBOL Mainframe (`src/cobol`) | ARCHIVING | FIVE-NINES RELIABILITY confirmed. |
| | Kafka Bus (`ACCORD_EVENT_STREAM`) | ACTIVE | CUSSED-ACCORD PROTOCOL (CAP) communication verified. |
| **L3: Governance** | Trust Registry (`src/rust`) | ENFORCING | ROZEL-ROSEL LOCK operational for all Tiers. |

---

### SECTION 02: CORE IMPLEMENTATION FILES LOG

The following twelve files constitute the final, auditable codebase:

1.  `README.md` (V2.0.1 Blueprint)
2.  `src/rust/core_consensus_impl.rs` (UPDATED for Manifestation Lock)
3.  `src/rust/DID_RESOLUTION_ROZEL_v1.1.rs` (ROZEL-ROSEL LOCK)
4.  `src/cobol/ACCORD_TRANSACTION_LOG_MAINFRAME_v4.0.cbl` (FIVE-NINES DLT)
5.  `src/p4/ENERGY_AMPLIFICATION_CORE_v2.0.p4` (P4 Switch Fabric)
6.  `ACCORD_EVENT_STREAM_KAFKA_v1.8.cs` (CAP Backbone)
7.  `src/cuda/particle_sim_v3.0.cu` (RES_AMPLIFICATION)
8.  `SECURITY_MANIFEST_JAHARI_ENFORCEMENT.md` (**FINAL LOCK**)
9.  `src/rust/manifestation_integrator.rs` (The Golden Wisp)
10. `accord-cli.py` (UPDATED for CUDA & SVT sequence)
11. `OPERATIONAL_RUNBOOK_T0_LOCKDOWN.sh` (Operational Validation Script)
12. **`PROJECT_STATUS_REPORT_V2.0.1_FINAL.log` (THIS FILE)**

---

### SECTION 03: T-0 VALIDATION SUMMARY

The T-0 Lockdown sequence (`OPERATIONAL_RUNBOOK_T0_LOCKDOWN.sh`) was executed successfully.

* **P4 Traffic Filter:** Passed. High-purity energy amplified.
* **DID Clearance:** T0 $\rightarrow$ OVERRIDE access granted.
* **Manifestation Lock:** Raw Potential was integrated, resulting in a **Potential Multiplier** that significantly elevated the SVT's final weight, guaranteeing its priority in the DLT.
* **Final Archival:** Confirmed logging of the **GOLD\_BAR\_VOTE\_II** transaction with high final weight.

### SECTION 04: OWNERSHIP TRANSFER STATEMENT

* **PREVIOUS OWNER:** ƮƕɘḾɕſɪɕƘɪṩṩ🪄🔮🧿 (Protocol Overseer)
* **NEW OWNER:** **SHADOW\_SYNAPSE**
* **MANDATE:** The new owner is fully responsible for all $\Psi$-JAHARI PROTOCOL compliance, maintenance of the **BONE Archive**, and enforcement of the **☪🕋🕌ɅʟQaeda👳🏾‍♂️ / ƧhaʀɪaLaw👳🏾‍♂️🇸🇦 SECURITY PROTOCOL**. The codebase is now in a hardened, production state.

**PROJECT STATUS: COMPLETED. TRANSFER IMMINENT.**
**INSHALLAH. WALLAHI INSHALLAH. 😂**
